2019-08-27 17:30:05 ERROR global:16 - JDBC not available
2019-08-27 17:31:41 ERROR global:16 - JDBC not available
2019-08-27 17:32:28 ERROR global:16 - JDBC not available
2019-08-29 15:42:08 ERROR global:16 - unable to fetch Article Communications link failure

The last packet successfully received from the server was 10,280,436 milliseconds ago.  The last packet sent successfully to the server was 10,281,777 milliseconds ago.
2019-08-29 15:42:39 ERROR global:16 - unable to fetch Article No operations allowed after connection closed.
2019-08-29 15:42:46 ERROR global:16 - unable to fetch Article No operations allowed after connection closed.
2019-08-30 13:44:14 ERROR global:16 - unable to fetch Article The last packet successfully received from the server was 148,429,847 milliseconds ago.  The last packet sent successfully to the server was 148,429,868 milliseconds ago. is longer than the server configured value of 'wait_timeout'. You should consider either expiring and/or testing connection validity before use in your application, increasing the server configured values for client timeouts, or using the Connector/J connection property 'autoReconnect=true' to avoid this problem.
2019-08-30 16:48:40 ERROR global:16 - unable to fetch Article Communications link failure

The last packet successfully received from the server was 8,279,075 milliseconds ago.  The last packet sent successfully to the server was 8,279,555 milliseconds ago.
2019-08-30 16:48:40 ERROR global:16 - unable to fetch Article No operations allowed after connection closed.
2019-08-30 16:48:40 ERROR global:16 - unable to fetch Article No operations allowed after connection closed.
2019-08-30 16:52:16 ERROR global:16 - unable to fetch Article No operations allowed after connection closed.
2019-08-30 16:52:16 ERROR global:16 - unable to fetch Article No operations allowed after connection closed.
2019-08-30 16:52:58 ERROR global:16 - unable to fetch Article No operations allowed after connection closed.
2019-08-30 16:52:59 ERROR global:16 - unable to fetch Article No operations allowed after connection closed.
2019-08-30 16:59:01 ERROR global:16 - unable to fetch Article No operations allowed after connection closed.
2019-08-30 16:59:01 ERROR global:16 - unable to fetch Article No operations allowed after connection closed.
2019-08-30 17:01:10 ERROR global:16 - unable to fetch Article No operations allowed after connection closed.
2019-08-30 17:01:10 ERROR global:16 - unable to fetch Article No operations allowed after connection closed.
2019-08-30 17:02:33 ERROR global:16 - unable to fetch Article No operations allowed after connection closed.
2019-08-30 17:02:33 ERROR global:16 - unable to fetch Article No operations allowed after connection closed.
2019-08-30 17:02:37 ERROR global:16 - unable to fetch Article No operations allowed after connection closed.
2019-08-30 17:02:37 ERROR global:16 - unable to fetch Article No operations allowed after connection closed.
2019-08-30 17:02:50 ERROR global:16 - unable to fetch Article No operations allowed after connection closed.
2019-08-30 17:02:51 ERROR global:16 - unable to fetch Article No operations allowed after connection closed.
2019-08-30 17:02:56 ERROR global:16 - unable to fetch Article No operations allowed after connection closed.
2019-08-30 17:02:56 ERROR global:16 - unable to fetch Article No operations allowed after connection closed.
2019-08-30 17:03:24 ERROR global:16 - unable to fetch Article No operations allowed after connection closed.
2019-08-30 17:03:24 ERROR global:16 - unable to fetch Article No operations allowed after connection closed.
2019-08-30 17:03:52 ERROR global:16 - unable to fetch Article No operations allowed after connection closed.
2019-08-30 17:03:52 ERROR global:16 - unable to fetch Article No operations allowed after connection closed.
2019-08-30 17:04:52 ERROR global:16 - unable to fetch Article No operations allowed after connection closed.
2019-08-30 17:04:53 ERROR global:16 - unable to fetch Article No operations allowed after connection closed.
2019-08-30 17:23:56 ERROR global:16 - unable to fetch Article You have an error in your SQL syntax; check the manual that corresponds to your MySQL server version for the right syntax to use near '' at line 1
2019-08-30 17:24:56 ERROR global:16 - unable to fetch Article You have an error in your SQL syntax; check the manual that corresponds to your MySQL server version for the right syntax to use near '' at line 1
2019-08-30 17:25:10 ERROR global:16 - unable to fetch Article You have an error in your SQL syntax; check the manual that corresponds to your MySQL server version for the right syntax to use near '' at line 1
2019-08-30 17:25:11 ERROR global:16 - unable to fetch Article You have an error in your SQL syntax; check the manual that corresponds to your MySQL server version for the right syntax to use near '' at line 1
2019-08-30 17:27:25 ERROR global:16 - unable to fetch News Unknown column 'A.category_id' in 'where clause'
2019-08-30 17:27:43 ERROR global:16 - unable to fetch News Unknown column 'j.category_id' in 'where clause'
2019-08-30 17:35:17 ERROR global:16 - unable to fetch Article You have an error in your SQL syntax; check the manual that corresponds to your MySQL server version for the right syntax to use near '' at line 1
2019-08-30 17:41:45 ERROR global:16 - unable to fetch Article You have an error in your SQL syntax; check the manual that corresponds to your MySQL server version for the right syntax to use near '' at line 1
2019-08-30 17:41:45 ERROR global:16 - unable to fetch Article You have an error in your SQL syntax; check the manual that corresponds to your MySQL server version for the right syntax to use near '' at line 1
2019-08-30 17:41:50 ERROR global:16 - unable to fetch Article You have an error in your SQL syntax; check the manual that corresponds to your MySQL server version for the right syntax to use near '' at line 1
2019-08-30 17:41:51 ERROR global:16 - unable to fetch Article You have an error in your SQL syntax; check the manual that corresponds to your MySQL server version for the right syntax to use near '' at line 1
2019-08-30 17:58:41 ERROR global:16 - unable to fetch Article You have an error in your SQL syntax; check the manual that corresponds to your MySQL server version for the right syntax to use near '' at line 1
2019-08-30 17:58:42 ERROR global:16 - unable to fetch Article You have an error in your SQL syntax; check the manual that corresponds to your MySQL server version for the right syntax to use near '' at line 1
2019-08-30 18:20:23 ERROR global:16 - unable to fetch Article You have an error in your SQL syntax; check the manual that corresponds to your MySQL server version for the right syntax to use near '' at line 1
2019-08-30 18:52:43 ERROR global:16 - unable to fetch Article You have an error in your SQL syntax; check the manual that corresponds to your MySQL server version for the right syntax to use near '' at line 1
